<?xml version="1.0" encoding="UTF-8"?>
<!-- Generated by org.testng.reporters.JUnitReportReporter -->
<testsuite hostname="sariful" failures="0" tests="5" name="codenbox.testCases.LoginDatDrivenTest" time="29.033" errors="0" timestamp="2024-08-17T19:06:25 EDT" skipped="0">
  <testcase classname="codenbox.testCases.LoginDatDrivenTest" name="verify_loginDDT" time="6.476"/>
  <system-out/>
  <testcase classname="codenbox.testCases.LoginDatDrivenTest" name="verify_loginDDT" time="6.642"/>
  <system-out/>
  <testcase classname="codenbox.testCases.LoginDatDrivenTest" name="verify_loginDDT" time="6.341"/>
  <system-out/>
  <testcase classname="codenbox.testCases.LoginDatDrivenTest" name="verify_loginDDT" time="2.924"/>
  <system-out/>
  <testcase classname="codenbox.testCases.LoginDatDrivenTest" name="verify_loginDDT" time="6.650"/>
  <system-out/>
</testsuite> <!-- codenbox.testCases.LoginDatDrivenTest -->
