<?xml version="1.0" encoding="UTF-8"?>
<!-- Generated by org.testng.reporters.JUnitReportReporter -->
<testsuite hostname="sariful" failures="0" tests="1" name="codenbox.testCases.RegistrationTest" time="8.514" errors="0" timestamp="2024-08-24T00:34:51 EDT" skipped="0">
  <testcase classname="codenbox.testCases.RegistrationTest" name="verify_registration" time="8.514"/>
</testsuite> <!-- codenbox.testCases.RegistrationTest -->
